<?xml version="1.0" encoding="UTF-8"?>
<TestRun id="1a09c5c2-8792-48e8-b19b-da436613b64b" name="Tony@TONY-W520 2011-11-18 11:50:58" runUser="TONY-W520\Tony" xmlns="http://microsoft.com/schemas/VisualStudio/TeamTest/2010">
  <TestSettings name="Local" id="9b4d995d-fd84-4ec8-8a52-82515a783bf1">
    <Description>These are default test settings for a local test run.</Description>
    <Deployment enabled="false" runDeploymentRoot="Tony_TONY-W520 2011-11-18 11_50_58">
      <DeploymentItem filename="D:\OASIS\_Build\TimeSeriesLibrary\TimeSeriesLibrary\bin\Debug\TimeSeriesLibrary.dll" />
    </Deployment>
    <Execution>
      <TestTypeSpecific />
      <AgentRule name="Execution Agents">
      </AgentRule>
    </Execution>
  </TestSettings>
  <Times creation="2011-11-18T11:50:58.0265665-08:00" queuing="2011-11-18T11:50:58.3965877-08:00" start="2011-11-18T11:50:58.4315897-08:00" finish="2011-11-18T11:50:58.7396073-08:00" />
  <ResultSummary outcome="Failed">
    <Counters total="4" executed="4" passed="2" error="0" failed="2" timeout="0" aborted="0" inconclusive="0" passedButRunAborted="0" notRunnable="0" notExecuted="0" disconnected="0" warning="0" completed="0" inProgress="0" pending="0" />
  </ResultSummary>
  <TestDefinitions>
    <UnitTest name="ConvertToStruct2" storage="d:\oasis\_build\timeserieslibrary\timeserieslibrary\timeserieslibrary_test\bin\debug\timeserieslibrary_test.dll" id="03dc22af-dea8-c1c6-7cc5-2b1902cf5d94">
      <Execution id="32566439-2646-481a-80ff-d75ef77526e9" />
      <TestMethod codeBase="D:/OASIS/_Build/TimeSeriesLibrary/TimeSeriesLibrary/TimeSeriesLibrary_Test/bin/Debug/TimeSeriesLibrary_Test.DLL" adapterTypeName="Microsoft.VisualStudio.TestTools.TestTypes.Unit.UnitTestAdapter, Microsoft.VisualStudio.QualityTools.Tips.UnitTest.Adapter, Version=10.0.0.0, Culture=neutral, PublicKeyToken=b03f5f7f11d50a3a" className="TimeSeriesLibrary_Test.TimeSeriesValueTest, TimeSeriesLibrary_Test, Version=1.0.0.0, Culture=neutral, PublicKeyToken=null" name="ConvertToStruct2" />
    </UnitTest>
    <UnitTest name="ConvertToStruct1" storage="d:\oasis\_build\timeserieslibrary\timeserieslibrary\timeserieslibrary_test\bin\debug\timeserieslibrary_test.dll" id="f7938b3a-5bda-6739-7530-46718b400eb5">
      <Execution id="4f3e1b69-b2cc-4480-8df3-60409b2b3072" />
      <TestMethod codeBase="D:/OASIS/_Build/TimeSeriesLibrary/TimeSeriesLibrary/TimeSeriesLibrary_Test/bin/Debug/TimeSeriesLibrary_Test.DLL" adapterTypeName="Microsoft.VisualStudio.TestTools.TestTypes.Unit.UnitTestAdapter, Microsoft.VisualStudio.QualityTools.Tips.UnitTest.Adapter, Version=10.0.0.0, Culture=neutral, PublicKeyToken=b03f5f7f11d50a3a" className="TimeSeriesLibrary_Test.TimeSeriesValueTest, TimeSeriesLibrary_Test, Version=1.0.0.0, Culture=neutral, PublicKeyToken=null" name="ConvertToStruct1" />
    </UnitTest>
    <UnitTest name="ConvertFromStruct1" storage="d:\oasis\_build\timeserieslibrary\timeserieslibrary\timeserieslibrary_test\bin\debug\timeserieslibrary_test.dll" id="c56a5212-b401-6703-cdbe-566fa83c116c">
      <Execution id="22a5838b-0521-4b32-9e86-b534a53dd9c8" />
      <TestMethod codeBase="D:/OASIS/_Build/TimeSeriesLibrary/TimeSeriesLibrary/TimeSeriesLibrary_Test/bin/Debug/TimeSeriesLibrary_Test.DLL" adapterTypeName="Microsoft.VisualStudio.TestTools.TestTypes.Unit.UnitTestAdapter, Microsoft.VisualStudio.QualityTools.Tips.UnitTest.Adapter, Version=10.0.0.0, Culture=neutral, PublicKeyToken=b03f5f7f11d50a3a" className="TimeSeriesLibrary_Test.TimeSeriesValueTest, TimeSeriesLibrary_Test, Version=1.0.0.0, Culture=neutral, PublicKeyToken=null" name="ConvertFromStruct1" />
    </UnitTest>
    <UnitTest name="ConvertFromStruct2" storage="d:\oasis\_build\timeserieslibrary\timeserieslibrary\timeserieslibrary_test\bin\debug\timeserieslibrary_test.dll" id="7de86aa9-89fa-ba6c-ca41-eb9d58ae30fe">
      <Execution id="56757100-a3c1-4d29-8e4d-634919713055" />
      <TestMethod codeBase="D:/OASIS/_Build/TimeSeriesLibrary/TimeSeriesLibrary/TimeSeriesLibrary_Test/bin/Debug/TimeSeriesLibrary_Test.DLL" adapterTypeName="Microsoft.VisualStudio.TestTools.TestTypes.Unit.UnitTestAdapter, Microsoft.VisualStudio.QualityTools.Tips.UnitTest.Adapter, Version=10.0.0.0, Culture=neutral, PublicKeyToken=b03f5f7f11d50a3a" className="TimeSeriesLibrary_Test.TimeSeriesValueTest, TimeSeriesLibrary_Test, Version=1.0.0.0, Culture=neutral, PublicKeyToken=null" name="ConvertFromStruct2" />
    </UnitTest>
  </TestDefinitions>
  <TestLists>
    <TestList name="Results Not in a List" id="8c84fa94-04c1-424b-9868-57a2d4851a1d" />
    <TestList name="All Loaded Results" id="19431567-8539-422a-85d7-44ee4e166bda" />
  </TestLists>
  <TestEntries>
    <TestEntry testId="03dc22af-dea8-c1c6-7cc5-2b1902cf5d94" executionId="32566439-2646-481a-80ff-d75ef77526e9" testListId="8c84fa94-04c1-424b-9868-57a2d4851a1d" />
    <TestEntry testId="7de86aa9-89fa-ba6c-ca41-eb9d58ae30fe" executionId="56757100-a3c1-4d29-8e4d-634919713055" testListId="8c84fa94-04c1-424b-9868-57a2d4851a1d" />
    <TestEntry testId="c56a5212-b401-6703-cdbe-566fa83c116c" executionId="22a5838b-0521-4b32-9e86-b534a53dd9c8" testListId="8c84fa94-04c1-424b-9868-57a2d4851a1d" />
    <TestEntry testId="f7938b3a-5bda-6739-7530-46718b400eb5" executionId="4f3e1b69-b2cc-4480-8df3-60409b2b3072" testListId="8c84fa94-04c1-424b-9868-57a2d4851a1d" />
  </TestEntries>
  <Results>
    <UnitTestResult executionId="32566439-2646-481a-80ff-d75ef77526e9" testId="03dc22af-dea8-c1c6-7cc5-2b1902cf5d94" testName="ConvertToStruct2" computerName="TONY-W520" duration="00:00:00.0414583" startTime="2011-11-18T11:50:58.4405902-08:00" endTime="2011-11-18T11:50:58.6976049-08:00" testType="13cdc9d9-ddb5-4fa4-a97d-d965ccfc6d4b" outcome="Failed" testListId="8c84fa94-04c1-424b-9868-57a2d4851a1d" relativeResultsDirectory="32566439-2646-481a-80ff-d75ef77526e9">
      <Output>
        <ErrorInfo>
          <Message>Assert.AreEqual failed. Expected:&lt;TimeSeriesLibrary.TimeSeriesValue&gt;. Actual:&lt;TimeSeriesLibrary.TimeSeriesValue&gt;. </Message>
          <StackTrace>   at TimeSeriesLibrary_Test.TimeSeriesValueTest.ConvertToStruct2() in D:\OASIS\_Build\TimeSeriesLibrary\TimeSeriesLibrary\TimeSeriesLibrary_Test\TimeSeriesValueTest.cs:line 91
</StackTrace>
        </ErrorInfo>
      </Output>
    </UnitTestResult>
    <UnitTestResult executionId="56757100-a3c1-4d29-8e4d-634919713055" testId="7de86aa9-89fa-ba6c-ca41-eb9d58ae30fe" testName="ConvertFromStruct2" computerName="TONY-W520" duration="00:00:00.0009732" startTime="2011-11-18T11:50:58.6986050-08:00" endTime="2011-11-18T11:50:58.7026052-08:00" testType="13cdc9d9-ddb5-4fa4-a97d-d965ccfc6d4b" outcome="Passed" testListId="8c84fa94-04c1-424b-9868-57a2d4851a1d" relativeResultsDirectory="56757100-a3c1-4d29-8e4d-634919713055">
    </UnitTestResult>
    <UnitTestResult executionId="22a5838b-0521-4b32-9e86-b534a53dd9c8" testId="c56a5212-b401-6703-cdbe-566fa83c116c" testName="ConvertFromStruct1" computerName="TONY-W520" duration="00:00:00.0002242" startTime="2011-11-18T11:50:58.7036053-08:00" endTime="2011-11-18T11:50:58.7066054-08:00" testType="13cdc9d9-ddb5-4fa4-a97d-d965ccfc6d4b" outcome="Passed" testListId="8c84fa94-04c1-424b-9868-57a2d4851a1d" relativeResultsDirectory="22a5838b-0521-4b32-9e86-b534a53dd9c8">
    </UnitTestResult>
    <UnitTestResult executionId="4f3e1b69-b2cc-4480-8df3-60409b2b3072" testId="f7938b3a-5bda-6739-7530-46718b400eb5" testName="ConvertToStruct1" computerName="TONY-W520" duration="00:00:00.0011541" startTime="2011-11-18T11:50:58.7086055-08:00" endTime="2011-11-18T11:50:58.7116057-08:00" testType="13cdc9d9-ddb5-4fa4-a97d-d965ccfc6d4b" outcome="Failed" testListId="8c84fa94-04c1-424b-9868-57a2d4851a1d" relativeResultsDirectory="4f3e1b69-b2cc-4480-8df3-60409b2b3072">
      <Output>
        <ErrorInfo>
          <Message>Assert.AreEqual failed. Expected:&lt;TimeSeriesLibrary.TimeSeriesValue&gt;. Actual:&lt;TimeSeriesLibrary.TimeSeriesValue&gt;. </Message>
          <StackTrace>   at TimeSeriesLibrary_Test.TimeSeriesValueTest.ConvertToStruct1() in D:\OASIS\_Build\TimeSeriesLibrary\TimeSeriesLibrary\TimeSeriesLibrary_Test\TimeSeriesValueTest.cs:line 82
</StackTrace>
        </ErrorInfo>
      </Output>
    </UnitTestResult>
  </Results>
</TestRun>