<?xml version="1.0" encoding="UTF-8"?>
<TestRun id="24384844-82cb-472e-ae2c-dc5b329e2c05" name="Tony@TONY-W520 2011-11-18 11:58:10" runUser="TONY-W520\Tony" xmlns="http://microsoft.com/schemas/VisualStudio/TeamTest/2010">
  <TestSettings name="Local" id="9b4d995d-fd84-4ec8-8a52-82515a783bf1">
    <Description>These are default test settings for a local test run.</Description>
    <Deployment enabled="false" runDeploymentRoot="Tony_TONY-W520 2011-11-18 11_58_10">
      <DeploymentItem filename="D:\OASIS\_Build\TimeSeriesLibrary\TimeSeriesLibrary\bin\Debug\TimeSeriesLibrary.dll" />
    </Deployment>
    <Execution>
      <TestTypeSpecific />
      <AgentRule name="Execution Agents">
      </AgentRule>
    </Execution>
  </TestSettings>
  <Times creation="2011-11-18T11:58:10.9913307-08:00" queuing="2011-11-18T11:58:11.0053315-08:00" start="2011-11-18T11:58:11.0093317-08:00" finish="2011-11-18T11:58:11.1693409-08:00" />
  <ResultSummary outcome="Completed">
    <Counters total="1" executed="1" passed="1" error="0" failed="0" timeout="0" aborted="0" inconclusive="0" passedButRunAborted="0" notRunnable="0" notExecuted="0" disconnected="0" warning="0" completed="0" inProgress="0" pending="0" />
  </ResultSummary>
  <TestDefinitions>
    <UnitTest name="ConvertToStruct2" storage="d:\oasis\_build\timeserieslibrary\timeserieslibrary\timeserieslibrary_test\bin\debug\timeserieslibrary_test.dll" id="03dc22af-dea8-c1c6-7cc5-2b1902cf5d94">
      <Execution id="7b8454b9-b04f-4232-bf9d-c4d2e1285a2d" />
      <TestMethod codeBase="D:/OASIS/_Build/TimeSeriesLibrary/TimeSeriesLibrary/TimeSeriesLibrary_Test/bin/Debug/TimeSeriesLibrary_Test.DLL" adapterTypeName="Microsoft.VisualStudio.TestTools.TestTypes.Unit.UnitTestAdapter, Microsoft.VisualStudio.QualityTools.Tips.UnitTest.Adapter, Version=10.0.0.0, Culture=neutral, PublicKeyToken=b03f5f7f11d50a3a" className="TimeSeriesLibrary_Test.TimeSeriesValueTest, TimeSeriesLibrary_Test, Version=1.0.0.0, Culture=neutral, PublicKeyToken=null" name="ConvertToStruct2" />
    </UnitTest>
  </TestDefinitions>
  <TestLists>
    <TestList name="Results Not in a List" id="8c84fa94-04c1-424b-9868-57a2d4851a1d" />
    <TestList name="All Loaded Results" id="19431567-8539-422a-85d7-44ee4e166bda" />
  </TestLists>
  <TestEntries>
    <TestEntry testId="03dc22af-dea8-c1c6-7cc5-2b1902cf5d94" executionId="7b8454b9-b04f-4232-bf9d-c4d2e1285a2d" testListId="8c84fa94-04c1-424b-9868-57a2d4851a1d" />
  </TestEntries>
  <Results>
    <UnitTestResult executionId="7b8454b9-b04f-4232-bf9d-c4d2e1285a2d" testId="03dc22af-dea8-c1c6-7cc5-2b1902cf5d94" testName="ConvertToStruct2" computerName="TONY-W520" duration="00:00:00.0121266" startTime="2011-11-18T11:58:11.0113318-08:00" endTime="2011-11-18T11:58:11.1593403-08:00" testType="13cdc9d9-ddb5-4fa4-a97d-d965ccfc6d4b" outcome="Passed" testListId="8c84fa94-04c1-424b-9868-57a2d4851a1d" relativeResultsDirectory="7b8454b9-b04f-4232-bf9d-c4d2e1285a2d">
    </UnitTestResult>
  </Results>
</TestRun>