<?xml version="1.0" encoding="UTF-8"?>
<TestRun id="4800b986-5a12-43c7-b132-8b3d2a382516" name="Tony@TONY-W520 2011-11-18 11:56:18" runUser="TONY-W520\Tony" xmlns="http://microsoft.com/schemas/VisualStudio/TeamTest/2010">
  <TestSettings name="Local" id="9b4d995d-fd84-4ec8-8a52-82515a783bf1">
    <Description>These are default test settings for a local test run.</Description>
    <Deployment enabled="false" runDeploymentRoot="Tony_TONY-W520 2011-11-18 11_56_18">
      <DeploymentItem filename="D:\OASIS\_Build\TimeSeriesLibrary\TimeSeriesLibrary\bin\Debug\TimeSeriesLibrary.dll" />
    </Deployment>
    <Execution>
      <TestTypeSpecific />
      <AgentRule name="Execution Agents">
      </AgentRule>
    </Execution>
  </TestSettings>
  <Times creation="2011-11-18T11:56:18.2418818-08:00" queuing="2011-11-18T11:56:18.3318869-08:00" start="2011-11-18T11:56:18.3548883-08:00" finish="2011-11-18T11:56:18.6559055-08:00" />
  <ResultSummary outcome="Failed">
    <Counters total="4" executed="4" passed="2" error="0" failed="2" timeout="0" aborted="0" inconclusive="0" passedButRunAborted="0" notRunnable="0" notExecuted="0" disconnected="0" warning="0" completed="0" inProgress="0" pending="0" />
  </ResultSummary>
  <TestDefinitions>
    <UnitTest name="ConvertToStruct1" storage="d:\oasis\_build\timeserieslibrary\timeserieslibrary\timeserieslibrary_test\bin\debug\timeserieslibrary_test.dll" id="f7938b3a-5bda-6739-7530-46718b400eb5">
      <Execution id="40d1fddb-8404-4f7a-b217-d6905c8fab9a" />
      <TestMethod codeBase="D:/OASIS/_Build/TimeSeriesLibrary/TimeSeriesLibrary/TimeSeriesLibrary_Test/bin/Debug/TimeSeriesLibrary_Test.DLL" adapterTypeName="Microsoft.VisualStudio.TestTools.TestTypes.Unit.UnitTestAdapter, Microsoft.VisualStudio.QualityTools.Tips.UnitTest.Adapter, Version=10.0.0.0, Culture=neutral, PublicKeyToken=b03f5f7f11d50a3a" className="TimeSeriesLibrary_Test.TimeSeriesValueTest, TimeSeriesLibrary_Test, Version=1.0.0.0, Culture=neutral, PublicKeyToken=null" name="ConvertToStruct1" />
    </UnitTest>
    <UnitTest name="ConvertFromStruct1" storage="d:\oasis\_build\timeserieslibrary\timeserieslibrary\timeserieslibrary_test\bin\debug\timeserieslibrary_test.dll" id="c56a5212-b401-6703-cdbe-566fa83c116c">
      <Execution id="d8542cf6-5cfa-4fc0-a734-759b9d8507e4" />
      <TestMethod codeBase="D:/OASIS/_Build/TimeSeriesLibrary/TimeSeriesLibrary/TimeSeriesLibrary_Test/bin/Debug/TimeSeriesLibrary_Test.DLL" adapterTypeName="Microsoft.VisualStudio.TestTools.TestTypes.Unit.UnitTestAdapter, Microsoft.VisualStudio.QualityTools.Tips.UnitTest.Adapter, Version=10.0.0.0, Culture=neutral, PublicKeyToken=b03f5f7f11d50a3a" className="TimeSeriesLibrary_Test.TimeSeriesValueTest, TimeSeriesLibrary_Test, Version=1.0.0.0, Culture=neutral, PublicKeyToken=null" name="ConvertFromStruct1" />
    </UnitTest>
    <UnitTest name="ConvertFromStruct2" storage="d:\oasis\_build\timeserieslibrary\timeserieslibrary\timeserieslibrary_test\bin\debug\timeserieslibrary_test.dll" id="7de86aa9-89fa-ba6c-ca41-eb9d58ae30fe">
      <Execution id="cced4906-dae3-4a37-9d94-da34b99a81d8" />
      <TestMethod codeBase="D:/OASIS/_Build/TimeSeriesLibrary/TimeSeriesLibrary/TimeSeriesLibrary_Test/bin/Debug/TimeSeriesLibrary_Test.DLL" adapterTypeName="Microsoft.VisualStudio.TestTools.TestTypes.Unit.UnitTestAdapter, Microsoft.VisualStudio.QualityTools.Tips.UnitTest.Adapter, Version=10.0.0.0, Culture=neutral, PublicKeyToken=b03f5f7f11d50a3a" className="TimeSeriesLibrary_Test.TimeSeriesValueTest, TimeSeriesLibrary_Test, Version=1.0.0.0, Culture=neutral, PublicKeyToken=null" name="ConvertFromStruct2" />
    </UnitTest>
    <UnitTest name="ConvertToStruct2" storage="d:\oasis\_build\timeserieslibrary\timeserieslibrary\timeserieslibrary_test\bin\debug\timeserieslibrary_test.dll" id="03dc22af-dea8-c1c6-7cc5-2b1902cf5d94">
      <Execution id="3dd6872b-2edc-4f79-8a8b-a117f6c3d6d1" />
      <TestMethod codeBase="D:/OASIS/_Build/TimeSeriesLibrary/TimeSeriesLibrary/TimeSeriesLibrary_Test/bin/Debug/TimeSeriesLibrary_Test.DLL" adapterTypeName="Microsoft.VisualStudio.TestTools.TestTypes.Unit.UnitTestAdapter, Microsoft.VisualStudio.QualityTools.Tips.UnitTest.Adapter, Version=10.0.0.0, Culture=neutral, PublicKeyToken=b03f5f7f11d50a3a" className="TimeSeriesLibrary_Test.TimeSeriesValueTest, TimeSeriesLibrary_Test, Version=1.0.0.0, Culture=neutral, PublicKeyToken=null" name="ConvertToStruct2" />
    </UnitTest>
  </TestDefinitions>
  <TestLists>
    <TestList name="Results Not in a List" id="8c84fa94-04c1-424b-9868-57a2d4851a1d" />
    <TestList name="All Loaded Results" id="19431567-8539-422a-85d7-44ee4e166bda" />
  </TestLists>
  <TestEntries>
    <TestEntry testId="f7938b3a-5bda-6739-7530-46718b400eb5" executionId="40d1fddb-8404-4f7a-b217-d6905c8fab9a" testListId="8c84fa94-04c1-424b-9868-57a2d4851a1d" />
    <TestEntry testId="03dc22af-dea8-c1c6-7cc5-2b1902cf5d94" executionId="3dd6872b-2edc-4f79-8a8b-a117f6c3d6d1" testListId="8c84fa94-04c1-424b-9868-57a2d4851a1d" />
    <TestEntry testId="c56a5212-b401-6703-cdbe-566fa83c116c" executionId="d8542cf6-5cfa-4fc0-a734-759b9d8507e4" testListId="8c84fa94-04c1-424b-9868-57a2d4851a1d" />
    <TestEntry testId="7de86aa9-89fa-ba6c-ca41-eb9d58ae30fe" executionId="cced4906-dae3-4a37-9d94-da34b99a81d8" testListId="8c84fa94-04c1-424b-9868-57a2d4851a1d" />
  </TestEntries>
  <Results>
    <UnitTestResult executionId="40d1fddb-8404-4f7a-b217-d6905c8fab9a" testId="f7938b3a-5bda-6739-7530-46718b400eb5" testName="ConvertToStruct1" computerName="TONY-W520" duration="00:00:00.0348241" startTime="2011-11-18T11:56:18.3618887-08:00" endTime="2011-11-18T11:56:18.5999023-08:00" testType="13cdc9d9-ddb5-4fa4-a97d-d965ccfc6d4b" outcome="Failed" testListId="8c84fa94-04c1-424b-9868-57a2d4851a1d" relativeResultsDirectory="40d1fddb-8404-4f7a-b217-d6905c8fab9a">
      <Output>
        <ErrorInfo>
          <Message>Assert.AreEqual failed. Expected:&lt;TimeSeriesLibrary.TimeSeriesValue&gt;. Actual:&lt;TimeSeriesLibrary.TimeSeriesValue&gt;. </Message>
          <StackTrace>   at TimeSeriesLibrary_Test.TimeSeriesValueTest.ConvertToStruct1() in D:\OASIS\_Build\TimeSeriesLibrary\TimeSeriesLibrary\TimeSeriesLibrary_Test\TimeSeriesValueTest.cs:line 82
</StackTrace>
        </ErrorInfo>
      </Output>
    </UnitTestResult>
    <UnitTestResult executionId="3dd6872b-2edc-4f79-8a8b-a117f6c3d6d1" testId="03dc22af-dea8-c1c6-7cc5-2b1902cf5d94" testName="ConvertToStruct2" computerName="TONY-W520" duration="00:00:00.0011612" startTime="2011-11-18T11:56:18.6009023-08:00" endTime="2011-11-18T11:56:18.6059026-08:00" testType="13cdc9d9-ddb5-4fa4-a97d-d965ccfc6d4b" outcome="Failed" testListId="8c84fa94-04c1-424b-9868-57a2d4851a1d" relativeResultsDirectory="3dd6872b-2edc-4f79-8a8b-a117f6c3d6d1">
      <Output>
        <ErrorInfo>
          <Message>Assert.AreEqual failed. Expected:&lt;TimeSeriesLibrary.TimeSeriesValue&gt;. Actual:&lt;TimeSeriesLibrary.TimeSeriesValue&gt;. </Message>
          <StackTrace>   at TimeSeriesLibrary_Test.TimeSeriesValueTest.ConvertToStruct2() in D:\OASIS\_Build\TimeSeriesLibrary\TimeSeriesLibrary\TimeSeriesLibrary_Test\TimeSeriesValueTest.cs:line 91
</StackTrace>
        </ErrorInfo>
      </Output>
    </UnitTestResult>
    <UnitTestResult executionId="d8542cf6-5cfa-4fc0-a734-759b9d8507e4" testId="c56a5212-b401-6703-cdbe-566fa83c116c" testName="ConvertFromStruct1" computerName="TONY-W520" duration="00:00:00.0010049" startTime="2011-11-18T11:56:18.6069027-08:00" endTime="2011-11-18T11:56:18.6109029-08:00" testType="13cdc9d9-ddb5-4fa4-a97d-d965ccfc6d4b" outcome="Passed" testListId="8c84fa94-04c1-424b-9868-57a2d4851a1d" relativeResultsDirectory="d8542cf6-5cfa-4fc0-a734-759b9d8507e4">
    </UnitTestResult>
    <UnitTestResult executionId="cced4906-dae3-4a37-9d94-da34b99a81d8" testId="7de86aa9-89fa-ba6c-ca41-eb9d58ae30fe" testName="ConvertFromStruct2" computerName="TONY-W520" duration="00:00:00.0002327" startTime="2011-11-18T11:56:18.6129030-08:00" endTime="2011-11-18T11:56:18.6159032-08:00" testType="13cdc9d9-ddb5-4fa4-a97d-d965ccfc6d4b" outcome="Passed" testListId="8c84fa94-04c1-424b-9868-57a2d4851a1d" relativeResultsDirectory="cced4906-dae3-4a37-9d94-da34b99a81d8">
    </UnitTestResult>
  </Results>
</TestRun>