<?xml version="1.0" encoding="UTF-8"?>
<TestRun id="b5702bba-c5e8-45d9-8d63-e667a1eac384" name="Tony@TONY-W520 2011-11-18 11:51:46" runUser="TONY-W520\Tony" xmlns="http://microsoft.com/schemas/VisualStudio/TeamTest/2010">
  <TestSettings name="Local" id="9b4d995d-fd84-4ec8-8a52-82515a783bf1">
    <Description>These are default test settings for a local test run.</Description>
    <Deployment enabled="false" runDeploymentRoot="Tony_TONY-W520 2011-11-18 11_51_46">
      <DeploymentItem filename="D:\OASIS\_Build\TimeSeriesLibrary\TimeSeriesLibrary\bin\Debug\TimeSeriesLibrary.dll" />
    </Deployment>
    <Execution>
      <TestTypeSpecific />
      <AgentRule name="Execution Agents">
      </AgentRule>
    </Execution>
  </TestSettings>
  <Times creation="2011-11-18T11:51:46.2643256-08:00" queuing="2011-11-18T11:51:46.2813265-08:00" start="2011-11-18T11:51:46.2853268-08:00" finish="2011-11-18T11:51:46.4593367-08:00" />
  <ResultSummary outcome="Failed">
    <Counters total="1" executed="1" error="0" failed="1" timeout="0" aborted="0" inconclusive="0" passedButRunAborted="0" notRunnable="0" notExecuted="0" disconnected="0" warning="0" passed="0" completed="0" inProgress="0" pending="0" />
  </ResultSummary>
  <TestDefinitions>
    <UnitTest name="ConvertToStruct2" storage="d:\oasis\_build\timeserieslibrary\timeserieslibrary\timeserieslibrary_test\bin\debug\timeserieslibrary_test.dll" id="03dc22af-dea8-c1c6-7cc5-2b1902cf5d94">
      <Execution id="a19bf239-f59c-4b12-bc85-2afb6d0c6c6b" />
      <TestMethod codeBase="D:/OASIS/_Build/TimeSeriesLibrary/TimeSeriesLibrary/TimeSeriesLibrary_Test/bin/Debug/TimeSeriesLibrary_Test.DLL" adapterTypeName="Microsoft.VisualStudio.TestTools.TestTypes.Unit.UnitTestAdapter, Microsoft.VisualStudio.QualityTools.Tips.UnitTest.Adapter, Version=10.0.0.0, Culture=neutral, PublicKeyToken=b03f5f7f11d50a3a" className="TimeSeriesLibrary_Test.TimeSeriesValueTest, TimeSeriesLibrary_Test, Version=1.0.0.0, Culture=neutral, PublicKeyToken=null" name="ConvertToStruct2" />
    </UnitTest>
  </TestDefinitions>
  <TestLists>
    <TestList name="Results Not in a List" id="8c84fa94-04c1-424b-9868-57a2d4851a1d" />
    <TestList name="All Loaded Results" id="19431567-8539-422a-85d7-44ee4e166bda" />
  </TestLists>
  <TestEntries>
    <TestEntry testId="03dc22af-dea8-c1c6-7cc5-2b1902cf5d94" executionId="a19bf239-f59c-4b12-bc85-2afb6d0c6c6b" testListId="8c84fa94-04c1-424b-9868-57a2d4851a1d" />
  </TestEntries>
  <Results>
    <UnitTestResult executionId="a19bf239-f59c-4b12-bc85-2afb6d0c6c6b" testId="03dc22af-dea8-c1c6-7cc5-2b1902cf5d94" testName="ConvertToStruct2" computerName="TONY-W520" duration="00:00:00.0227623" startTime="2011-11-18T11:51:46.2873269-08:00" endTime="2011-11-18T11:51:46.4493362-08:00" testType="13cdc9d9-ddb5-4fa4-a97d-d965ccfc6d4b" outcome="Failed" testListId="8c84fa94-04c1-424b-9868-57a2d4851a1d" relativeResultsDirectory="a19bf239-f59c-4b12-bc85-2afb6d0c6c6b">
      <Output>
        <ErrorInfo>
          <Message>Assert.AreEqual failed. Expected:&lt;TimeSeriesLibrary.TimeSeriesValue&gt;. Actual:&lt;TimeSeriesLibrary.TimeSeriesValue&gt;. </Message>
          <StackTrace>   at TimeSeriesLibrary_Test.TimeSeriesValueTest.ConvertToStruct2() in D:\OASIS\_Build\TimeSeriesLibrary\TimeSeriesLibrary\TimeSeriesLibrary_Test\TimeSeriesValueTest.cs:line 91
</StackTrace>
        </ErrorInfo>
      </Output>
    </UnitTestResult>
  </Results>
</TestRun>