<?xml version="1.0" encoding="UTF-8"?>
<TestRun id="ed294590-3f6a-4ee3-9e35-4b666a340b8d" name="Tony@TONY-W520 2011-11-18 12:04:54" runUser="TONY-W520\Tony" xmlns="http://microsoft.com/schemas/VisualStudio/TeamTest/2010">
  <TestSettings name="Local" id="9b4d995d-fd84-4ec8-8a52-82515a783bf1">
    <Description>These are default test settings for a local test run.</Description>
    <Deployment enabled="false" runDeploymentRoot="Tony_TONY-W520 2011-11-18 12_04_54">
      <DeploymentItem filename="D:\OASIS\_Build\TimeSeriesLibrary\TimeSeriesLibrary\bin\Debug\TimeSeriesLibrary.dll" />
    </Deployment>
    <Execution>
      <TestTypeSpecific />
      <AgentRule name="Execution Agents">
      </AgentRule>
    </Execution>
  </TestSettings>
  <Times creation="2011-11-18T12:04:54.3254001-08:00" queuing="2011-11-18T12:04:54.3354007-08:00" start="2011-11-18T12:04:54.3404009-08:00" finish="2011-11-18T12:04:54.5144109-08:00" />
  <ResultSummary outcome="Completed">
    <Counters total="4" executed="4" passed="4" error="0" failed="0" timeout="0" aborted="0" inconclusive="0" passedButRunAborted="0" notRunnable="0" notExecuted="0" disconnected="0" warning="0" completed="0" inProgress="0" pending="0" />
  </ResultSummary>
  <TestDefinitions>
    <UnitTest name="ConvertToStruct1" storage="d:\oasis\_build\timeserieslibrary\timeserieslibrary\timeserieslibrary_test\bin\debug\timeserieslibrary_test.dll" id="f7938b3a-5bda-6739-7530-46718b400eb5">
      <Execution id="fb3461f4-cc96-4445-aaa6-11683b4510ba" />
      <TestMethod codeBase="D:/OASIS/_Build/TimeSeriesLibrary/TimeSeriesLibrary/TimeSeriesLibrary_Test/bin/Debug/TimeSeriesLibrary_Test.DLL" adapterTypeName="Microsoft.VisualStudio.TestTools.TestTypes.Unit.UnitTestAdapter, Microsoft.VisualStudio.QualityTools.Tips.UnitTest.Adapter, Version=10.0.0.0, Culture=neutral, PublicKeyToken=b03f5f7f11d50a3a" className="TimeSeriesLibrary_Test.TimeSeriesValueTest, TimeSeriesLibrary_Test, Version=1.0.0.0, Culture=neutral, PublicKeyToken=null" name="ConvertToStruct1" />
    </UnitTest>
    <UnitTest name="ConvertFromStruct1" storage="d:\oasis\_build\timeserieslibrary\timeserieslibrary\timeserieslibrary_test\bin\debug\timeserieslibrary_test.dll" id="c56a5212-b401-6703-cdbe-566fa83c116c">
      <Execution id="ab1cac54-e95c-445a-9246-1f162ce78aa8" />
      <TestMethod codeBase="D:/OASIS/_Build/TimeSeriesLibrary/TimeSeriesLibrary/TimeSeriesLibrary_Test/bin/Debug/TimeSeriesLibrary_Test.DLL" adapterTypeName="Microsoft.VisualStudio.TestTools.TestTypes.Unit.UnitTestAdapter, Microsoft.VisualStudio.QualityTools.Tips.UnitTest.Adapter, Version=10.0.0.0, Culture=neutral, PublicKeyToken=b03f5f7f11d50a3a" className="TimeSeriesLibrary_Test.TimeSeriesValueTest, TimeSeriesLibrary_Test, Version=1.0.0.0, Culture=neutral, PublicKeyToken=null" name="ConvertFromStruct1" />
    </UnitTest>
    <UnitTest name="ConvertFromStruct2" storage="d:\oasis\_build\timeserieslibrary\timeserieslibrary\timeserieslibrary_test\bin\debug\timeserieslibrary_test.dll" id="7de86aa9-89fa-ba6c-ca41-eb9d58ae30fe">
      <Execution id="ed0eff90-dd2d-4f95-9224-e6a2c19f701c" />
      <TestMethod codeBase="D:/OASIS/_Build/TimeSeriesLibrary/TimeSeriesLibrary/TimeSeriesLibrary_Test/bin/Debug/TimeSeriesLibrary_Test.DLL" adapterTypeName="Microsoft.VisualStudio.TestTools.TestTypes.Unit.UnitTestAdapter, Microsoft.VisualStudio.QualityTools.Tips.UnitTest.Adapter, Version=10.0.0.0, Culture=neutral, PublicKeyToken=b03f5f7f11d50a3a" className="TimeSeriesLibrary_Test.TimeSeriesValueTest, TimeSeriesLibrary_Test, Version=1.0.0.0, Culture=neutral, PublicKeyToken=null" name="ConvertFromStruct2" />
    </UnitTest>
    <UnitTest name="ConvertToStruct2" storage="d:\oasis\_build\timeserieslibrary\timeserieslibrary\timeserieslibrary_test\bin\debug\timeserieslibrary_test.dll" id="03dc22af-dea8-c1c6-7cc5-2b1902cf5d94">
      <Execution id="bb04dd6c-e8dc-4a81-927f-61f119c1ce0e" />
      <TestMethod codeBase="D:/OASIS/_Build/TimeSeriesLibrary/TimeSeriesLibrary/TimeSeriesLibrary_Test/bin/Debug/TimeSeriesLibrary_Test.DLL" adapterTypeName="Microsoft.VisualStudio.TestTools.TestTypes.Unit.UnitTestAdapter, Microsoft.VisualStudio.QualityTools.Tips.UnitTest.Adapter, Version=10.0.0.0, Culture=neutral, PublicKeyToken=b03f5f7f11d50a3a" className="TimeSeriesLibrary_Test.TimeSeriesValueTest, TimeSeriesLibrary_Test, Version=1.0.0.0, Culture=neutral, PublicKeyToken=null" name="ConvertToStruct2" />
    </UnitTest>
  </TestDefinitions>
  <TestLists>
    <TestList name="Results Not in a List" id="8c84fa94-04c1-424b-9868-57a2d4851a1d" />
    <TestList name="All Loaded Results" id="19431567-8539-422a-85d7-44ee4e166bda" />
  </TestLists>
  <TestEntries>
    <TestEntry testId="f7938b3a-5bda-6739-7530-46718b400eb5" executionId="fb3461f4-cc96-4445-aaa6-11683b4510ba" testListId="8c84fa94-04c1-424b-9868-57a2d4851a1d" />
    <TestEntry testId="03dc22af-dea8-c1c6-7cc5-2b1902cf5d94" executionId="bb04dd6c-e8dc-4a81-927f-61f119c1ce0e" testListId="8c84fa94-04c1-424b-9868-57a2d4851a1d" />
    <TestEntry testId="c56a5212-b401-6703-cdbe-566fa83c116c" executionId="ab1cac54-e95c-445a-9246-1f162ce78aa8" testListId="8c84fa94-04c1-424b-9868-57a2d4851a1d" />
    <TestEntry testId="7de86aa9-89fa-ba6c-ca41-eb9d58ae30fe" executionId="ed0eff90-dd2d-4f95-9224-e6a2c19f701c" testListId="8c84fa94-04c1-424b-9868-57a2d4851a1d" />
  </TestEntries>
  <Results>
    <UnitTestResult executionId="fb3461f4-cc96-4445-aaa6-11683b4510ba" testId="f7938b3a-5bda-6739-7530-46718b400eb5" testName="ConvertToStruct1" computerName="TONY-W520" duration="00:00:00.0130989" startTime="2011-11-18T12:04:54.3424011-08:00" endTime="2011-11-18T12:04:54.4894095-08:00" testType="13cdc9d9-ddb5-4fa4-a97d-d965ccfc6d4b" outcome="Passed" testListId="8c84fa94-04c1-424b-9868-57a2d4851a1d" relativeResultsDirectory="fb3461f4-cc96-4445-aaa6-11683b4510ba">
    </UnitTestResult>
    <UnitTestResult executionId="bb04dd6c-e8dc-4a81-927f-61f119c1ce0e" testId="03dc22af-dea8-c1c6-7cc5-2b1902cf5d94" testName="ConvertToStruct2" computerName="TONY-W520" duration="00:00:00.0002644" startTime="2011-11-18T12:04:54.4914096-08:00" endTime="2011-11-18T12:04:54.4944098-08:00" testType="13cdc9d9-ddb5-4fa4-a97d-d965ccfc6d4b" outcome="Passed" testListId="8c84fa94-04c1-424b-9868-57a2d4851a1d" relativeResultsDirectory="bb04dd6c-e8dc-4a81-927f-61f119c1ce0e">
    </UnitTestResult>
    <UnitTestResult executionId="ab1cac54-e95c-445a-9246-1f162ce78aa8" testId="c56a5212-b401-6703-cdbe-566fa83c116c" testName="ConvertFromStruct1" computerName="TONY-W520" duration="00:00:00.0009201" startTime="2011-11-18T12:04:54.4964099-08:00" endTime="2011-11-18T12:04:54.5004101-08:00" testType="13cdc9d9-ddb5-4fa4-a97d-d965ccfc6d4b" outcome="Passed" testListId="8c84fa94-04c1-424b-9868-57a2d4851a1d" relativeResultsDirectory="ab1cac54-e95c-445a-9246-1f162ce78aa8">
    </UnitTestResult>
    <UnitTestResult executionId="ed0eff90-dd2d-4f95-9224-e6a2c19f701c" testId="7de86aa9-89fa-ba6c-ca41-eb9d58ae30fe" testName="ConvertFromStruct2" computerName="TONY-W520" duration="00:00:00.0002273" startTime="2011-11-18T12:04:54.5014102-08:00" endTime="2011-11-18T12:04:54.5044103-08:00" testType="13cdc9d9-ddb5-4fa4-a97d-d965ccfc6d4b" outcome="Passed" testListId="8c84fa94-04c1-424b-9868-57a2d4851a1d" relativeResultsDirectory="ed0eff90-dd2d-4f95-9224-e6a2c19f701c">
    </UnitTestResult>
  </Results>
</TestRun>