<?xml version="1.0" encoding="UTF-8"?>
<TestRun id="cedff897-d68b-423b-97be-6c8241e71126" name="Tony@TONY-W520 2011-11-18 12:05:30" runUser="TONY-W520\Tony" xmlns="http://microsoft.com/schemas/VisualStudio/TeamTest/2010">
  <TestSettings name="Local" id="9b4d995d-fd84-4ec8-8a52-82515a783bf1">
    <Description>These are default test settings for a local test run.</Description>
    <Deployment enabled="false" runDeploymentRoot="Tony_TONY-W520 2011-11-18 12_05_30">
      <DeploymentItem filename="D:\OASIS\_Build\TimeSeriesLibrary\TimeSeriesLibrary\bin\Debug\TimeSeriesLibrary.dll" />
    </Deployment>
    <Execution>
      <TestTypeSpecific />
      <AgentRule name="Execution Agents">
      </AgentRule>
    </Execution>
  </TestSettings>
  <Times creation="2011-11-18T12:05:30.3164587-08:00" queuing="2011-11-18T12:05:30.3264592-08:00" start="2011-11-18T12:05:30.3314595-08:00" finish="2011-11-18T12:05:30.5054695-08:00" />
  <ResultSummary outcome="Completed">
    <Counters total="4" executed="4" passed="4" error="0" failed="0" timeout="0" aborted="0" inconclusive="0" passedButRunAborted="0" notRunnable="0" notExecuted="0" disconnected="0" warning="0" completed="0" inProgress="0" pending="0" />
  </ResultSummary>
  <TestDefinitions>
    <UnitTest name="ConvertToStruct1" storage="d:\oasis\_build\timeserieslibrary\timeserieslibrary\timeserieslibrary_test\bin\debug\timeserieslibrary_test.dll" id="f7938b3a-5bda-6739-7530-46718b400eb5">
      <Execution id="4b9f7444-8cf5-4224-88b0-9bdbc1e157ce" />
      <TestMethod codeBase="D:/OASIS/_Build/TimeSeriesLibrary/TimeSeriesLibrary/TimeSeriesLibrary_Test/bin/Debug/TimeSeriesLibrary_Test.DLL" adapterTypeName="Microsoft.VisualStudio.TestTools.TestTypes.Unit.UnitTestAdapter, Microsoft.VisualStudio.QualityTools.Tips.UnitTest.Adapter, Version=10.0.0.0, Culture=neutral, PublicKeyToken=b03f5f7f11d50a3a" className="TimeSeriesLibrary_Test.TimeSeriesValueTest, TimeSeriesLibrary_Test, Version=1.0.0.0, Culture=neutral, PublicKeyToken=null" name="ConvertToStruct1" />
    </UnitTest>
    <UnitTest name="ConvertFromStruct1" storage="d:\oasis\_build\timeserieslibrary\timeserieslibrary\timeserieslibrary_test\bin\debug\timeserieslibrary_test.dll" id="c56a5212-b401-6703-cdbe-566fa83c116c">
      <Execution id="38e50d69-31ee-4366-8f06-a0f45063ffd6" />
      <TestMethod codeBase="D:/OASIS/_Build/TimeSeriesLibrary/TimeSeriesLibrary/TimeSeriesLibrary_Test/bin/Debug/TimeSeriesLibrary_Test.DLL" adapterTypeName="Microsoft.VisualStudio.TestTools.TestTypes.Unit.UnitTestAdapter, Microsoft.VisualStudio.QualityTools.Tips.UnitTest.Adapter, Version=10.0.0.0, Culture=neutral, PublicKeyToken=b03f5f7f11d50a3a" className="TimeSeriesLibrary_Test.TimeSeriesValueTest, TimeSeriesLibrary_Test, Version=1.0.0.0, Culture=neutral, PublicKeyToken=null" name="ConvertFromStruct1" />
    </UnitTest>
    <UnitTest name="ConvertFromStruct2" storage="d:\oasis\_build\timeserieslibrary\timeserieslibrary\timeserieslibrary_test\bin\debug\timeserieslibrary_test.dll" id="7de86aa9-89fa-ba6c-ca41-eb9d58ae30fe">
      <Execution id="b364b1ed-e88f-4457-9e22-9e0685c2bf1d" />
      <TestMethod codeBase="D:/OASIS/_Build/TimeSeriesLibrary/TimeSeriesLibrary/TimeSeriesLibrary_Test/bin/Debug/TimeSeriesLibrary_Test.DLL" adapterTypeName="Microsoft.VisualStudio.TestTools.TestTypes.Unit.UnitTestAdapter, Microsoft.VisualStudio.QualityTools.Tips.UnitTest.Adapter, Version=10.0.0.0, Culture=neutral, PublicKeyToken=b03f5f7f11d50a3a" className="TimeSeriesLibrary_Test.TimeSeriesValueTest, TimeSeriesLibrary_Test, Version=1.0.0.0, Culture=neutral, PublicKeyToken=null" name="ConvertFromStruct2" />
    </UnitTest>
    <UnitTest name="ConvertToStruct2" storage="d:\oasis\_build\timeserieslibrary\timeserieslibrary\timeserieslibrary_test\bin\debug\timeserieslibrary_test.dll" id="03dc22af-dea8-c1c6-7cc5-2b1902cf5d94">
      <Execution id="da2c69e6-5890-4df7-88d0-abb335525775" />
      <TestMethod codeBase="D:/OASIS/_Build/TimeSeriesLibrary/TimeSeriesLibrary/TimeSeriesLibrary_Test/bin/Debug/TimeSeriesLibrary_Test.DLL" adapterTypeName="Microsoft.VisualStudio.TestTools.TestTypes.Unit.UnitTestAdapter, Microsoft.VisualStudio.QualityTools.Tips.UnitTest.Adapter, Version=10.0.0.0, Culture=neutral, PublicKeyToken=b03f5f7f11d50a3a" className="TimeSeriesLibrary_Test.TimeSeriesValueTest, TimeSeriesLibrary_Test, Version=1.0.0.0, Culture=neutral, PublicKeyToken=null" name="ConvertToStruct2" />
    </UnitTest>
  </TestDefinitions>
  <TestLists>
    <TestList name="Results Not in a List" id="8c84fa94-04c1-424b-9868-57a2d4851a1d" />
    <TestList name="All Loaded Results" id="19431567-8539-422a-85d7-44ee4e166bda" />
  </TestLists>
  <TestEntries>
    <TestEntry testId="f7938b3a-5bda-6739-7530-46718b400eb5" executionId="4b9f7444-8cf5-4224-88b0-9bdbc1e157ce" testListId="8c84fa94-04c1-424b-9868-57a2d4851a1d" />
    <TestEntry testId="03dc22af-dea8-c1c6-7cc5-2b1902cf5d94" executionId="da2c69e6-5890-4df7-88d0-abb335525775" testListId="8c84fa94-04c1-424b-9868-57a2d4851a1d" />
    <TestEntry testId="c56a5212-b401-6703-cdbe-566fa83c116c" executionId="38e50d69-31ee-4366-8f06-a0f45063ffd6" testListId="8c84fa94-04c1-424b-9868-57a2d4851a1d" />
    <TestEntry testId="7de86aa9-89fa-ba6c-ca41-eb9d58ae30fe" executionId="b364b1ed-e88f-4457-9e22-9e0685c2bf1d" testListId="8c84fa94-04c1-424b-9868-57a2d4851a1d" />
  </TestEntries>
  <Results>
    <UnitTestResult executionId="4b9f7444-8cf5-4224-88b0-9bdbc1e157ce" testId="f7938b3a-5bda-6739-7530-46718b400eb5" testName="ConvertToStruct1" computerName="TONY-W520" duration="00:00:00.0124633" startTime="2011-11-18T12:05:30.3334596-08:00" endTime="2011-11-18T12:05:30.4824682-08:00" testType="13cdc9d9-ddb5-4fa4-a97d-d965ccfc6d4b" outcome="Passed" testListId="8c84fa94-04c1-424b-9868-57a2d4851a1d" relativeResultsDirectory="4b9f7444-8cf5-4224-88b0-9bdbc1e157ce">
    </UnitTestResult>
    <UnitTestResult executionId="da2c69e6-5890-4df7-88d0-abb335525775" testId="03dc22af-dea8-c1c6-7cc5-2b1902cf5d94" testName="ConvertToStruct2" computerName="TONY-W520" duration="00:00:00.0002327" startTime="2011-11-18T12:05:30.4844683-08:00" endTime="2011-11-18T12:05:30.4874684-08:00" testType="13cdc9d9-ddb5-4fa4-a97d-d965ccfc6d4b" outcome="Passed" testListId="8c84fa94-04c1-424b-9868-57a2d4851a1d" relativeResultsDirectory="da2c69e6-5890-4df7-88d0-abb335525775">
    </UnitTestResult>
    <UnitTestResult executionId="38e50d69-31ee-4366-8f06-a0f45063ffd6" testId="c56a5212-b401-6703-cdbe-566fa83c116c" testName="ConvertFromStruct1" computerName="TONY-W520" duration="00:00:00.0003265" startTime="2011-11-18T12:05:30.4894686-08:00" endTime="2011-11-18T12:05:30.4924687-08:00" testType="13cdc9d9-ddb5-4fa4-a97d-d965ccfc6d4b" outcome="Passed" testListId="8c84fa94-04c1-424b-9868-57a2d4851a1d" relativeResultsDirectory="38e50d69-31ee-4366-8f06-a0f45063ffd6">
    </UnitTestResult>
    <UnitTestResult executionId="b364b1ed-e88f-4457-9e22-9e0685c2bf1d" testId="7de86aa9-89fa-ba6c-ca41-eb9d58ae30fe" testName="ConvertFromStruct2" computerName="TONY-W520" duration="00:00:00.0002349" startTime="2011-11-18T12:05:30.4934688-08:00" endTime="2011-11-18T12:05:30.4964690-08:00" testType="13cdc9d9-ddb5-4fa4-a97d-d965ccfc6d4b" outcome="Passed" testListId="8c84fa94-04c1-424b-9868-57a2d4851a1d" relativeResultsDirectory="b364b1ed-e88f-4457-9e22-9e0685c2bf1d">
    </UnitTestResult>
  </Results>
</TestRun>